  ASM_LR_3.cpp
C:\Users\Nikit\source\repos\ASM_LR_3\ASM_LR_3\ASM_LR_3.cpp(8,6): warning C4326: возвращаемый тип "main" должен быть "int", а не "void"
C:\Users\Nikit\source\repos\ASM_LR_3\ASM_LR_3\ASM_LR_3.cpp(19,5): error C4235: использовано нестандартное расширение: ключевое слово "__asm" данной архитектурой не поддерживается
C:\Users\Nikit\source\repos\ASM_LR_3\ASM_LR_3\ASM_LR_3.cpp(20,9): error C2065: mov: необъявленный идентификатор
C:\Users\Nikit\source\repos\ASM_LR_3\ASM_LR_3\ASM_LR_3.cpp(20,13): error C2146: синтаксическая ошибка: отсутствие ";" перед идентификатором "eax"
C:\Users\Nikit\source\repos\ASM_LR_3\ASM_LR_3\ASM_LR_3.cpp(20,13): error C2065: eax: необъявленный идентификатор
C:\Users\Nikit\source\repos\ASM_LR_3\ASM_LR_3\ASM_LR_3.cpp(20,25): error C2065: EAX: необъявленный идентификатор
C:\Users\Nikit\source\repos\ASM_LR_3\ASM_LR_3\ASM_LR_3.cpp(21,9): error C2146: синтаксическая ошибка: отсутствие ";" перед идентификатором "mov"
C:\Users\Nikit\source\repos\ASM_LR_3\ASM_LR_3\ASM_LR_3.cpp(21,9): error C2065: mov: необъявленный идентификатор
C:\Users\Nikit\source\repos\ASM_LR_3\ASM_LR_3\ASM_LR_3.cpp(21,13): error C2146: синтаксическая ошибка: отсутствие ";" перед идентификатором "ebx"
C:\Users\Nikit\source\repos\ASM_LR_3\ASM_LR_3\ASM_LR_3.cpp(21,13): error C2065: ebx: необъявленный идентификатор
C:\Users\Nikit\source\repos\ASM_LR_3\ASM_LR_3\ASM_LR_3.cpp(21,25): error C2065: EBX: необъявленный идентификатор
C:\Users\Nikit\source\repos\ASM_LR_3\ASM_LR_3\ASM_LR_3.cpp(22,9): error C2146: синтаксическая ошибка: отсутствие ";" перед идентификатором "cmp"
C:\Users\Nikit\source\repos\ASM_LR_3\ASM_LR_3\ASM_LR_3.cpp(22,9): error C2065: cmp: необъявленный идентификатор
C:\Users\Nikit\source\repos\ASM_LR_3\ASM_LR_3\ASM_LR_3.cpp(22,13): error C2146: синтаксическая ошибка: отсутствие ";" перед идентификатором "eax"
C:\Users\Nikit\source\repos\ASM_LR_3\ASM_LR_3\ASM_LR_3.cpp(22,13): error C2065: eax: необъявленный идентификатор
C:\Users\Nikit\source\repos\ASM_LR_3\ASM_LR_3\ASM_LR_3.cpp(22,18): error C2065: ebx: необъявленный идентификатор
C:\Users\Nikit\source\repos\ASM_LR_3\ASM_LR_3\ASM_LR_3.cpp(22,25): error C2065: сравнение: необъявленный идентификатор
C:\Users\Nikit\source\repos\ASM_LR_3\ASM_LR_3\ASM_LR_3.cpp(22,44): error C2146: синтаксическая ошибка: отсутствие ";" перед идентификатором "a"
C:\Users\Nikit\source\repos\ASM_LR_3\ASM_LR_3\ASM_LR_3.cpp(22,46): error C2146: синтаксическая ошибка: отсутствие ";" перед идентификатором "и"
C:\Users\Nikit\source\repos\ASM_LR_3\ASM_LR_3\ASM_LR_3.cpp(22,46): error C2065: и: необъявленный идентификатор
C:\Users\Nikit\source\repos\ASM_LR_3\ASM_LR_3\ASM_LR_3.cpp(22,49): error C2146: синтаксическая ошибка: отсутствие ";" перед идентификатором "b"
C:\Users\Nikit\source\repos\ASM_LR_3\ASM_LR_3\ASM_LR_3.cpp(23,9): error C2146: синтаксическая ошибка: отсутствие ";" перед идентификатором "jg"
C:\Users\Nikit\source\repos\ASM_LR_3\ASM_LR_3\ASM_LR_3.cpp(23,9): error C2065: jg: необъявленный идентификатор
C:\Users\Nikit\source\repos\ASM_LR_3\ASM_LR_3\ASM_LR_3.cpp(23,12): error C2146: синтаксическая ошибка: отсутствие ";" перед идентификатором "l_big"
C:\Users\Nikit\source\repos\ASM_LR_3\ASM_LR_3\ASM_LR_3.cpp(23,12): error C2065: l_big: необъявленный идентификатор
C:\Users\Nikit\source\repos\ASM_LR_3\ASM_LR_3\ASM_LR_3.cpp(23,25): error C2065: переход: необъявленный идентификатор
C:\Users\Nikit\source\repos\ASM_LR_3\ASM_LR_3\ASM_LR_3.cpp(23,40): error C2146: синтаксическая ошибка: отсутствие ";" перед идентификатором "если"
C:\Users\Nikit\source\repos\ASM_LR_3\ASM_LR_3\ASM_LR_3.cpp(23,40): error C2065: если: необъявленный идентификатор
C:\Users\Nikit\source\repos\ASM_LR_3\ASM_LR_3\ASM_LR_3.cpp(23,49): error C2146: синтаксическая ошибка: отсутствие ";" перед идентификатором "a"
C:\Users\Nikit\source\repos\ASM_LR_3\ASM_LR_3\ASM_LR_3.cpp(24,9): error C2146: синтаксическая ошибка: отсутствие ";" перед идентификатором "jl"
C:\Users\Nikit\source\repos\ASM_LR_3\ASM_LR_3\ASM_LR_3.cpp(23,51): warning C4552: ">": результат выражения не используется
C:\Users\Nikit\source\repos\ASM_LR_3\ASM_LR_3\ASM_LR_3.cpp(24,9): error C2065: jl: необъявленный идентификатор
C:\Users\Nikit\source\repos\ASM_LR_3\ASM_LR_3\ASM_LR_3.cpp(24,12): error C2146: синтаксическая ошибка: отсутствие ";" перед идентификатором "l_sml"
C:\Users\Nikit\source\repos\ASM_LR_3\ASM_LR_3\ASM_LR_3.cpp(24,12): error C2065: l_sml: необъявленный идентификатор
C:\Users\Nikit\source\repos\ASM_LR_3\ASM_LR_3\ASM_LR_3.cpp(24,25): error C2065: переход: необъявленный идентификатор
C:\Users\Nikit\source\repos\ASM_LR_3\ASM_LR_3\ASM_LR_3.cpp(24,40): error C2146: синтаксическая ошибка: отсутствие ";" перед идентификатором "если"
C:\Users\Nikit\source\repos\ASM_LR_3\ASM_LR_3\ASM_LR_3.cpp(24,40): error C2065: если: необъявленный идентификатор
C:\Users\Nikit\source\repos\ASM_LR_3\ASM_LR_3\ASM_LR_3.cpp(24,49): error C2146: синтаксическая ошибка: отсутствие ";" перед идентификатором "a"
C:\Users\Nikit\source\repos\ASM_LR_3\ASM_LR_3\ASM_LR_3.cpp(24,51): warning C4552: "<": результат выражения не используется
C:\Users\Nikit\source\repos\ASM_LR_3\ASM_LR_3\ASM_LR_3.cpp(25,11): error C2065: mov: необъявленный идентификатор
C:\Users\Nikit\source\repos\ASM_LR_3\ASM_LR_3\ASM_LR_3.cpp(25,15): error C2146: синтаксическая ошибка: отсутствие ";" перед идентификатором "answ"
C:\Users\Nikit\source\repos\ASM_LR_3\ASM_LR_3\ASM_LR_3.cpp(25,21): error C2065: eax: необъявленный идентификатор
C:\Users\Nikit\source\repos\ASM_LR_3\ASM_LR_3\ASM_LR_3.cpp(25,27): error C2065: если: необъявленный идентификатор
C:\Users\Nikit\source\repos\ASM_LR_3\ASM_LR_3\ASM_LR_3.cpp(25,36): error C2146: синтаксическая ошибка: отсутствие ";" перед идентификатором "a"
C:\Users\Nikit\source\repos\ASM_LR_3\ASM_LR_3\ASM_LR_3.cpp(25,43): error C2065: то: необъявленный идентификатор
C:\Users\Nikit\source\repos\ASM_LR_3\ASM_LR_3\ASM_LR_3.cpp(25,48): error C2146: синтаксическая ошибка: отсутствие ";" перед идентификатором "ответ"
C:\Users\Nikit\source\repos\ASM_LR_3\ASM_LR_3\ASM_LR_3.cpp(25,48): error C2065: ответ: необъявленный идентификатор
C:\Users\Nikit\source\repos\ASM_LR_3\ASM_LR_3\ASM_LR_3.cpp(25,59): error C2146: синтаксическая ошибка: отсутствие ";" перед идентификатором "a"
C:\Users\Nikit\source\repos\ASM_LR_3\ASM_LR_3\ASM_LR_3.cpp(32,5): error C2143: синтаксическая ошибка: отсутствие ";" перед "}"
